<?xml version="1.0" encoding="UTF-8"?>
<robot generator="Robot 4.1.3 (Python 3.10.2 on win32)" generated="20220311 20:31:24.710" rpa="false" schemaversion="2">
<suite id="s1" name="Demo3 File" source="D:\Robot_Framework\Robot_Programs\demo3_file.robot">
<test id="s1-t1" name="TC1">
<kw name="Log To Console" library="BuiltIn">
<arg>D:\\Robot_Framework\\Robot_Programs</arg>
<doc>Logs the given message to the console.</doc>
<status status="PASS" starttime="20220311 20:31:24.759" endtime="20220311 20:31:24.760"/>
</kw>
<kw name="Log To Console" library="BuiltIn">
<arg>${EXECDIR}</arg>
<doc>Logs the given message to the console.</doc>
<status status="PASS" starttime="20220311 20:31:24.760" endtime="20220311 20:31:24.761"/>
</kw>
<kw name="Log To Console" library="BuiltIn">
<arg>${OUTPUT_DIR}</arg>
<doc>Logs the given message to the console.</doc>
<status status="PASS" starttime="20220311 20:31:24.762" endtime="20220311 20:31:24.763"/>
</kw>
<kw name="Log To Console" library="BuiltIn">
<arg>${TEMPDIR}</arg>
<doc>Logs the given message to the console.</doc>
<status status="PASS" starttime="20220311 20:31:24.763" endtime="20220311 20:31:24.764"/>
</kw>
<kw name="Log To Console" library="BuiltIn">
<arg>${TEST_NAME}</arg>
<doc>Logs the given message to the console.</doc>
<status status="PASS" starttime="20220311 20:31:24.765" endtime="20220311 20:31:24.765"/>
</kw>
<kw name="Log To Console" library="BuiltIn">
<arg>${SUITE_NAME}</arg>
<doc>Logs the given message to the console.</doc>
<status status="PASS" starttime="20220311 20:31:24.766" endtime="20220311 20:31:24.766"/>
</kw>
<status status="PASS" starttime="20220311 20:31:24.758" endtime="20220311 20:31:24.767"/>
</test>
<status status="PASS" starttime="20220311 20:31:24.712" endtime="20220311 20:31:24.768"/>
</suite>
<statistics>
<total>
<stat pass="1" fail="0" skip="0">All Tests</stat>
</total>
<tag>
</tag>
<suite>
<stat pass="1" fail="0" skip="0" id="s1" name="Demo3 File">Demo3 File</stat>
</suite>
</statistics>
<errors>
</errors>
</robot>
