<?xml version="1.0" encoding="UTF-8"?>
<robot generator="Robot 4.1.3 (Python 3.10.2 on win32)" generated="20220319 10:36:04.707" rpa="false" schemaversion="2">
<suite id="s1" name="Demo15 Suite" source="D:\L&amp;T_Tech\Robot_Framework\Robot_Programs\Selenium_Suite\demo15_suite.robot">
<test id="s1-t1" name="TC1">
<kw name="Open Browser" library="SeleniumLibrary">
<arg>browser=chrome</arg>
<arg>executable_path=${EXECDIR}${/}Driver${/}chromedriver.exe</arg>
<doc>Opens a new browser instance to the optional ``url``.</doc>
<msg timestamp="20220319 10:36:05.092" level="INFO">Opening browser 'chrome' to base url 'None'.</msg>
<status status="PASS" starttime="20220319 10:36:05.091" endtime="20220319 10:36:06.775"/>
</kw>
<kw name="Maximize Browser Window" library="SeleniumLibrary">
<doc>Maximizes current browser window.</doc>
<status status="PASS" starttime="20220319 10:36:06.775" endtime="20220319 10:36:06.900"/>
</kw>
<kw name="Set Selenium Implicit Wait" library="SeleniumLibrary">
<arg>20s</arg>
<doc>Sets the implicit wait value used by Selenium.</doc>
<status status="PASS" starttime="20220319 10:36:06.901" endtime="20220319 10:36:06.903"/>
</kw>
<kw name="Go To" library="SeleniumLibrary">
<arg>https://demo.openemr.io/b/openemr</arg>
<doc>Navigates the current browser window to the provided ``url``.</doc>
<msg timestamp="20220319 10:36:06.905" level="INFO">Opening url 'https://demo.openemr.io/b/openemr'</msg>
<status status="PASS" starttime="20220319 10:36:06.904" endtime="20220319 10:36:12.607"/>
</kw>
<kw name="Element Text Should Be" library="SeleniumLibrary">
<arg>xpath=//p[contains(text(),Electronic)]</arg>
<arg>The most popular open-source Electronic Health Record and Medical Practice Management solution.</arg>
<doc>Verifies that element ``locator`` contains exact the text ``expected``.</doc>
<msg timestamp="20220319 10:36:12.611" level="WARN">Keyword 'Element Text Should Be' found both from a custom test library 'SeleniumLibrary' and a standard library 'XML'. The custom keyword is used. To select explicitly, and to get rid of this warning, use either 'SeleniumLibrary.Element Text Should Be' or 'XML.Element Text Should Be'.</msg>
<msg timestamp="20220319 10:36:12.615" level="INFO">Verifying element 'xpath=//p[contains(text(),Electronic)]' contains exact text 'The most popular open-source Electronic Health Record and Medical Practice Management solution.'.</msg>
<status status="PASS" starttime="20220319 10:36:12.611" endtime="20220319 10:36:12.649"/>
</kw>
<kw name="Close Browser" library="SeleniumLibrary" type="TEARDOWN">
<doc>Closes the current browser.</doc>
<status status="PASS" starttime="20220319 10:36:12.649" endtime="20220319 10:36:14.884"/>
</kw>
<status status="PASS" starttime="20220319 10:36:05.089" endtime="20220319 10:36:14.885"/>
</test>
<status status="PASS" starttime="20220319 10:36:04.710" endtime="20220319 10:36:14.893"/>
</suite>
<statistics>
<total>
<stat pass="1" fail="0" skip="0">All Tests</stat>
</total>
<tag>
</tag>
<suite>
<stat pass="1" fail="0" skip="0" id="s1" name="Demo15 Suite">Demo15 Suite</stat>
</suite>
</statistics>
<errors>
<msg timestamp="20220319 10:36:12.611" level="WARN">Keyword 'Element Text Should Be' found both from a custom test library 'SeleniumLibrary' and a standard library 'XML'. The custom keyword is used. To select explicitly, and to get rid of this warning, use either 'SeleniumLibrary.Element Text Should Be' or 'XML.Element Text Should Be'.</msg>
</errors>
</robot>
